Using pre-set license
Built from '2020.2/release' branch; Version is '2020.2.2f1 (068178b99f32) revision 426360'; Using compiler version '192528614'; Build Type 'Release'
OS: 'Windows 10 Pro; OS build 18363.1379; Version 1909; 64bit' Language: 'ko' Physical Memory: 8025 MB
BatchMode: 1, IsHumanControllingUs: 0, StartBugReporterOnCrash: 0, Is64bit: 1, IsPro: 0

 COMMAND LINE ARGUMENTS:
C:\Program Files\Unity\Hub\Editor\2020.2.2f1\Editor\Unity.exe
-adb2
-batchMode
-noUpm
-name
AssetImportWorker0
-projectPath
C:/Users/lg_gream/2D Project
-logFile
Logs/AssetImportWorker0.log
-srvPort
13068
Successfully changed project path to: C:/Users/lg_gream/2D Project
C:/Users/lg_gream/2D Project
Using Asset Import Pipeline V2.
Refreshing native plugins compatible for Editor in 200.57 ms, found 3 plugins.
Preloading 0 native plugins for Editor in 0.00 ms.
Initialize engine version: 2020.2.2f1 (068178b99f32)
[Subsystems] Discovering subsystems at path C:/Program Files/Unity/Hub/Editor/2020.2.2f1/Editor/Data/Resources/UnitySubsystems
[Subsystems] Discovering subsystems at path C:/Users/lg_gream/2D Project/Assets
GfxDevice: creating device client; threaded=0
Direct3D:
    Version:  Direct3D 11.0 [level 11.1]
    Renderer: Intel(R) UHD Graphics 620 (ID=0x5917)
    Vendor:   
    VRAM:     4012 MB
    Driver:   23.20.16.4849
Initialize mono
Mono path[0] = 'C:/Program Files/Unity/Hub/Editor/2020.2.2f1/Editor/Data/Managed'
Mono path[1] = 'C:/Program Files/Unity/Hub/Editor/2020.2.2f1/Editor/Data/MonoBleedingEdge/lib/mono/unityjit'
Mono config path = 'C:/Program Files/Unity/Hub/Editor/2020.2.2f1/Editor/Data/MonoBleedingEdge/etc'
Using monoOptions --debugger-agent=transport=dt_socket,embedding=1,server=y,suspend=n,address=127.0.0.1:56004
Begin MonoManager ReloadAssembly
Registering precompiled unity dll's ...
Register platform support module: C:/Program Files/Unity/Hub/Editor/2020.2.2f1/Editor/Data/PlaybackEngines/WindowsStandaloneSupport/UnityEditor.WindowsStandalone.Extensions.dll
Registered in 0.017736 seconds.
Native extension for WindowsStandalone target not found
Refreshing native plugins compatible for Editor in 132.84 ms, found 3 plugins.
Preloading 0 native plugins for Editor in 0.00 ms.
Invoked RoslynAnalysisRunner static constructor.
RoslynAnalysisRunner will not be running.
RoslynAnalysisRunner has terminated.
Mono: successfully reloaded assembly
- Completed reload, in  7.791 seconds
Platform modules already initialized, skipping
Registering precompiled user dll's ...
Registered in 0.041480 seconds.
Begin MonoManager ReloadAssembly
Native extension for WindowsStandalone target not found
Refreshing native plugins compatible for Editor in 1.09 ms, found 3 plugins.
Preloading 0 native plugins for Editor in 0.00 ms.
Invoked RoslynAnalysisRunner static constructor.
RoslynAnalysisRunner will not be running.
RoslynAnalysisRunner has terminated.
Mono: successfully reloaded assembly
- Completed reload, in  2.202 seconds
Platform modules already initialized, skipping
========================================================================
Worker process is ready to serve import requests
Launched and connected shader compiler UnityShaderCompiler.exe after 0.17 seconds
Refreshing native plugins compatible for Editor in 2.42 ms, found 3 plugins.
Preloading 0 native plugins for Editor in 0.00 ms.
Unloading 1412 Unused Serialized files (Serialized files now loaded: 0)
System memory in use before: 67.6 MB.
System memory in use after: 67.6 MB.

Unloading 62 unused Assets to reduce memory usage. Loaded Objects now: 1823.
Total: 5.002900 ms (FindLiveObjects: 0.451100 ms CreateObjectMapping: 0.160300 ms MarkObjects: 4.216800 ms  DeleteObjects: 0.168600 ms)

========================================================================
Received Import Request.
  path: Assets/Scripts/backButton.cs
  artifactKey: Guid(e84cdf867e2740442a2fb95a585acf53) Importer(815301076,1909f56bfc062723c751e8b465ee728b)
Start importing Assets/Scripts/backButton.cs using Guid(e84cdf867e2740442a2fb95a585acf53) Importer(815301076,1909f56bfc062723c751e8b465ee728b)  -> (artifact id: '2733b831072bcc87d0bf99f3fb76fd61') in 0.166330 seconds
  Import took 0.174086 seconds .

========================================================================
Received Import Request.
  Time since last request: 100.545682 seconds.
  path: Assets/Scripts/backButton.cs
  artifactKey: Guid(e84cdf867e2740442a2fb95a585acf53) Importer(815301076,1909f56bfc062723c751e8b465ee728b)
Start importing Assets/Scripts/backButton.cs using Guid(e84cdf867e2740442a2fb95a585acf53) Importer(815301076,1909f56bfc062723c751e8b465ee728b)  -> (artifact id: '0cf30be16997839780901e0272915f65') in 0.039867 seconds
  Import took 0.058729 seconds .

========================================================================
Received Import Request.
  Time since last request: 0.017611 seconds.
  path: Assets/Scripts/backButton.cs
  artifactKey: Guid(e84cdf867e2740442a2fb95a585acf53) Importer(815301076,1909f56bfc062723c751e8b465ee728b)
Start importing Assets/Scripts/backButton.cs using Guid(e84cdf867e2740442a2fb95a585acf53) Importer(815301076,1909f56bfc062723c751e8b465ee728b)  -> (artifact id: '0cf30be16997839780901e0272915f65') in 0.027875 seconds
  Import took 0.044833 seconds .

========================================================================
Received Import Request.
  Time since last request: 108.710090 seconds.
  path: Assets/Scripts/backButton.cs
  artifactKey: Guid(e84cdf867e2740442a2fb95a585acf53) Importer(815301076,1909f56bfc062723c751e8b465ee728b)
Start importing Assets/Scripts/backButton.cs using Guid(e84cdf867e2740442a2fb95a585acf53) Importer(815301076,1909f56bfc062723c751e8b465ee728b)  -> (artifact id: '77cb97c84eb9b37e2d57b78b9fad187c') in 0.017065 seconds
  Import took 0.026540 seconds .

========================================================================
Received Prepare
Registering precompiled user dll's ...
Registered in 0.067215 seconds.
Begin MonoManager ReloadAssembly
Native extension for WindowsStandalone target not found
Refreshing native plugins compatible for Editor in 2.17 ms, found 3 plugins.
Preloading 0 native plugins for Editor in 0.00 ms.
Invoked RoslynAnalysisRunner static constructor.
RoslynAnalysisRunner will not be running.
RoslynAnalysisRunner has terminated.
Mono: successfully reloaded assembly
- Completed reload, in  3.924 seconds
Platform modules already initialized, skipping
Refreshing native plugins compatible for Editor in 2.47 ms, found 3 plugins.
Preloading 0 native plugins for Editor in 0.00 ms.
Unloading 1406 Unused Serialized files (Serialized files now loaded: 0)
System memory in use before: 67.5 MB.
System memory in use after: 67.6 MB.

Unloading 53 unused Assets to reduce memory usage. Loaded Objects now: 1825.
Total: 5.276900 ms (FindLiveObjects: 0.599300 ms CreateObjectMapping: 0.216700 ms MarkObjects: 4.382600 ms  DeleteObjects: 0.075700 ms)

AssetImportWorkerClient::OnTransportError - code=2 error=End of file
