Using pre-set license
Built from '2020.2/release' branch; Version is '2020.2.2f1 (068178b99f32) revision 426360'; Using compiler version '192528614'; Build Type 'Release'
OS: 'Windows 10 Pro; OS build 18363.1379; Version 1909; 64bit' Language: 'ko' Physical Memory: 8025 MB
BatchMode: 1, IsHumanControllingUs: 0, StartBugReporterOnCrash: 0, Is64bit: 1, IsPro: 0

 COMMAND LINE ARGUMENTS:
C:\Program Files\Unity\Hub\Editor\2020.2.2f1\Editor\Unity.exe
-adb2
-batchMode
-noUpm
-name
AssetImportWorker0
-projectPath
C:/Users/lg_gream/2D Project
-logFile
Logs/AssetImportWorker0.log
-srvPort
13515
Successfully changed project path to: C:/Users/lg_gream/2D Project
C:/Users/lg_gream/2D Project
Using Asset Import Pipeline V2.
Refreshing native plugins compatible for Editor in 253.10 ms, found 3 plugins.
Preloading 0 native plugins for Editor in 0.00 ms.
Initialize engine version: 2020.2.2f1 (068178b99f32)
[Subsystems] Discovering subsystems at path C:/Program Files/Unity/Hub/Editor/2020.2.2f1/Editor/Data/Resources/UnitySubsystems
[Subsystems] Discovering subsystems at path C:/Users/lg_gream/2D Project/Assets
GfxDevice: creating device client; threaded=0
Direct3D:
    Version:  Direct3D 11.0 [level 11.1]
    Renderer: Intel(R) UHD Graphics 620 (ID=0x5917)
    Vendor:   
    VRAM:     4012 MB
    Driver:   23.20.16.4849
Initialize mono
Mono path[0] = 'C:/Program Files/Unity/Hub/Editor/2020.2.2f1/Editor/Data/Managed'
Mono path[1] = 'C:/Program Files/Unity/Hub/Editor/2020.2.2f1/Editor/Data/MonoBleedingEdge/lib/mono/unityjit'
Mono config path = 'C:/Program Files/Unity/Hub/Editor/2020.2.2f1/Editor/Data/MonoBleedingEdge/etc'
Using monoOptions --debugger-agent=transport=dt_socket,embedding=1,server=y,suspend=n,address=127.0.0.1:56780
Begin MonoManager ReloadAssembly
Registering precompiled unity dll's ...
Register platform support module: C:/Program Files/Unity/Hub/Editor/2020.2.2f1/Editor/Data/PlaybackEngines/WindowsStandaloneSupport/UnityEditor.WindowsStandalone.Extensions.dll
Registered in 0.019152 seconds.
Native extension for WindowsStandalone target not found
Refreshing native plugins compatible for Editor in 243.96 ms, found 3 plugins.
Preloading 0 native plugins for Editor in 0.00 ms.
Invoked RoslynAnalysisRunner static constructor.
RoslynAnalysisRunner will not be running.
RoslynAnalysisRunner has terminated.
Mono: successfully reloaded assembly
- Completed reload, in 11.129 seconds
Platform modules already initialized, skipping
Registering precompiled user dll's ...
Registered in 0.073445 seconds.
Begin MonoManager ReloadAssembly
Native extension for WindowsStandalone target not found
Refreshing native plugins compatible for Editor in 3.23 ms, found 3 plugins.
Preloading 0 native plugins for Editor in 0.00 ms.
Invoked RoslynAnalysisRunner static constructor.
RoslynAnalysisRunner will not be running.
RoslynAnalysisRunner has terminated.
Mono: successfully reloaded assembly
- Completed reload, in  4.726 seconds
Platform modules already initialized, skipping
========================================================================
Worker process is ready to serve import requests
Launched and connected shader compiler UnityShaderCompiler.exe after 0.33 seconds
Refreshing native plugins compatible for Editor in 1.68 ms, found 3 plugins.
Preloading 0 native plugins for Editor in 0.00 ms.
Unloading 1412 Unused Serialized files (Serialized files now loaded: 0)
System memory in use before: 67.5 MB.
System memory in use after: 67.6 MB.

Unloading 62 unused Assets to reduce memory usage. Loaded Objects now: 1823.
Total: 3.861000 ms (FindLiveObjects: 0.333100 ms CreateObjectMapping: 0.124300 ms MarkObjects: 3.161900 ms  DeleteObjects: 0.239100 ms)

========================================================================
Received Import Request.
  path: Assets/Scenes/Main.unity
  artifactKey: Guid(659d8de96ab25c04bbb756a97641169a) Importer(815301076,1909f56bfc062723c751e8b465ee728b)
Start importing Assets/Scenes/Main.unity using Guid(659d8de96ab25c04bbb756a97641169a) Importer(815301076,1909f56bfc062723c751e8b465ee728b)  -> (artifact id: 'e445a6ebd88d68a568fc957fddb17bcc') in 0.024596 seconds
  Import took 0.028707 seconds .

========================================================================
Received Import Request.
  Time since last request: 0.000424 seconds.
  path: Assets/Scenes/LoginRegister.prefab
  artifactKey: Guid(7456fbc331b05384d9bfd119bb5010e0) Importer(815301076,1909f56bfc062723c751e8b465ee728b)
Start importing Assets/Scenes/LoginRegister.prefab using Guid(7456fbc331b05384d9bfd119bb5010e0) Importer(815301076,1909f56bfc062723c751e8b465ee728b)  -> (artifact id: 'b14129dcdb718a3bfd19322a510dba8c') in 0.173710 seconds
  Import took 0.179837 seconds .

========================================================================
Received Prepare
Registering precompiled user dll's ...
Registered in 0.104623 seconds.
Begin MonoManager ReloadAssembly
Native extension for WindowsStandalone target not found
Refreshing native plugins compatible for Editor in 1.43 ms, found 3 plugins.
Preloading 0 native plugins for Editor in 0.00 ms.
Invoked RoslynAnalysisRunner static constructor.
RoslynAnalysisRunner will not be running.
RoslynAnalysisRunner has terminated.
Mono: successfully reloaded assembly
- Completed reload, in  3.316 seconds
Platform modules already initialized, skipping
Refreshing native plugins compatible for Editor in 2.35 ms, found 3 plugins.
Preloading 0 native plugins for Editor in 0.00 ms.
Unloading 1406 Unused Serialized files (Serialized files now loaded: 0)
System memory in use before: 67.5 MB.
System memory in use after: 67.6 MB.

Unloading 53 unused Assets to reduce memory usage. Loaded Objects now: 1825.
Total: 5.679200 ms (FindLiveObjects: 0.521100 ms CreateObjectMapping: 0.314600 ms MarkObjects: 4.652700 ms  DeleteObjects: 0.188000 ms)

========================================================================
Received Prepare
Registering precompiled user dll's ...
Registered in 0.069827 seconds.
Begin MonoManager ReloadAssembly
Native extension for WindowsStandalone target not found
Refreshing native plugins compatible for Editor in 2.32 ms, found 3 plugins.
Preloading 0 native plugins for Editor in 0.00 ms.
Invoked RoslynAnalysisRunner static constructor.
RoslynAnalysisRunner will not be running.
RoslynAnalysisRunner has terminated.
Mono: successfully reloaded assembly
- Completed reload, in  3.207 seconds
Platform modules already initialized, skipping
Refreshing native plugins compatible for Editor in 2.00 ms, found 3 plugins.
Preloading 0 native plugins for Editor in 0.00 ms.
Unloading 1406 Unused Serialized files (Serialized files now loaded: 0)
System memory in use before: 67.6 MB.
System memory in use after: 67.7 MB.

Unloading 53 unused Assets to reduce memory usage. Loaded Objects now: 1827.
Total: 4.733600 ms (FindLiveObjects: 0.425100 ms CreateObjectMapping: 0.147100 ms MarkObjects: 4.037500 ms  DeleteObjects: 0.121100 ms)

========================================================================
Received Prepare
Registering precompiled user dll's ...
Registered in 0.062506 seconds.
Begin MonoManager ReloadAssembly
Native extension for WindowsStandalone target not found
Refreshing native plugins compatible for Editor in 2.55 ms, found 3 plugins.
Preloading 0 native plugins for Editor in 0.00 ms.
Invoked RoslynAnalysisRunner static constructor.
RoslynAnalysisRunner will not be running.
RoslynAnalysisRunner has terminated.
Mono: successfully reloaded assembly
- Completed reload, in  4.106 seconds
Platform modules already initialized, skipping
Refreshing native plugins compatible for Editor in 2.26 ms, found 3 plugins.
Preloading 0 native plugins for Editor in 0.00 ms.
Unloading 1406 Unused Serialized files (Serialized files now loaded: 0)
System memory in use before: 67.7 MB.
System memory in use after: 67.8 MB.

Unloading 53 unused Assets to reduce memory usage. Loaded Objects now: 1829.
Total: 4.641600 ms (FindLiveObjects: 0.464800 ms CreateObjectMapping: 0.157800 ms MarkObjects: 3.969300 ms  DeleteObjects: 0.047300 ms)

========================================================================
Received Prepare
Registering precompiled user dll's ...
Registered in 0.083414 seconds.
Begin MonoManager ReloadAssembly
Native extension for WindowsStandalone target not found
Refreshing native plugins compatible for Editor in 1.59 ms, found 3 plugins.
Preloading 0 native plugins for Editor in 0.00 ms.
Invoked RoslynAnalysisRunner static constructor.
RoslynAnalysisRunner will not be running.
RoslynAnalysisRunner has terminated.
Mono: successfully reloaded assembly
- Completed reload, in  3.671 seconds
Platform modules already initialized, skipping
Refreshing native plugins compatible for Editor in 2.12 ms, found 3 plugins.
Preloading 0 native plugins for Editor in 0.00 ms.
Unloading 1406 Unused Serialized files (Serialized files now loaded: 0)
System memory in use before: 67.8 MB.
System memory in use after: 67.9 MB.

Unloading 53 unused Assets to reduce memory usage. Loaded Objects now: 1831.
Total: 3.395500 ms (FindLiveObjects: 0.223100 ms CreateObjectMapping: 0.077800 ms MarkObjects: 3.043900 ms  DeleteObjects: 0.048700 ms)

========================================================================
Received Prepare
Registering precompiled user dll's ...
Registered in 0.084433 seconds.
Begin MonoManager ReloadAssembly
Native extension for WindowsStandalone target not found
Refreshing native plugins compatible for Editor in 1.78 ms, found 3 plugins.
Preloading 0 native plugins for Editor in 0.00 ms.
Invoked RoslynAnalysisRunner static constructor.
RoslynAnalysisRunner will not be running.
RoslynAnalysisRunner has terminated.
Mono: successfully reloaded assembly
- Completed reload, in  2.675 seconds
Platform modules already initialized, skipping
Refreshing native plugins compatible for Editor in 1.74 ms, found 3 plugins.
Preloading 0 native plugins for Editor in 0.00 ms.
Unloading 1406 Unused Serialized files (Serialized files now loaded: 0)
System memory in use before: 67.8 MB.
System memory in use after: 67.9 MB.

Unloading 53 unused Assets to reduce memory usage. Loaded Objects now: 1833.
Total: 3.200500 ms (FindLiveObjects: 0.283200 ms CreateObjectMapping: 0.110600 ms MarkObjects: 2.762300 ms  DeleteObjects: 0.042200 ms)

========================================================================
Received Prepare
Registering precompiled user dll's ...
Registered in 0.075842 seconds.
Begin MonoManager ReloadAssembly
Native extension for WindowsStandalone target not found
Refreshing native plugins compatible for Editor in 1.51 ms, found 3 plugins.
Preloading 0 native plugins for Editor in 0.00 ms.
Invoked RoslynAnalysisRunner static constructor.
RoslynAnalysisRunner will not be running.
RoslynAnalysisRunner has terminated.
Mono: successfully reloaded assembly
- Completed reload, in  3.338 seconds
Platform modules already initialized, skipping
Refreshing native plugins compatible for Editor in 2.67 ms, found 3 plugins.
Preloading 0 native plugins for Editor in 0.00 ms.
Unloading 1406 Unused Serialized files (Serialized files now loaded: 0)
System memory in use before: 67.9 MB.
System memory in use after: 68.0 MB.

Unloading 53 unused Assets to reduce memory usage. Loaded Objects now: 1835.
Total: 5.083500 ms (FindLiveObjects: 0.403500 ms CreateObjectMapping: 0.155400 ms MarkObjects: 4.453900 ms  DeleteObjects: 0.067600 ms)

========================================================================
Received Prepare
Registering precompiled user dll's ...
Registered in 0.151863 seconds.
Begin MonoManager ReloadAssembly
Native extension for WindowsStandalone target not found
Refreshing native plugins compatible for Editor in 1.35 ms, found 3 plugins.
Preloading 0 native plugins for Editor in 0.00 ms.
Invoked RoslynAnalysisRunner static constructor.
RoslynAnalysisRunner will not be running.
RoslynAnalysisRunner has terminated.
Mono: successfully reloaded assembly
- Completed reload, in  3.401 seconds
Platform modules already initialized, skipping
Refreshing native plugins compatible for Editor in 2.07 ms, found 3 plugins.
Preloading 0 native plugins for Editor in 0.00 ms.
Unloading 1406 Unused Serialized files (Serialized files now loaded: 0)
System memory in use before: 68.0 MB.
System memory in use after: 68.1 MB.

Unloading 53 unused Assets to reduce memory usage. Loaded Objects now: 1837.
Total: 8.440000 ms (FindLiveObjects: 1.674000 ms CreateObjectMapping: 0.269000 ms MarkObjects: 6.415600 ms  DeleteObjects: 0.076100 ms)

========================================================================
Received Import Request.
  Time since last request: 929.199442 seconds.
  path: Assets/Scripts
  artifactKey: Guid(8b1b36b768407344fa87f2c827dd41df) Importer(815301076,1909f56bfc062723c751e8b465ee728b)
Start importing Assets/Scripts using Guid(8b1b36b768407344fa87f2c827dd41df) Importer(815301076,1909f56bfc062723c751e8b465ee728b)  -> (artifact id: 'f7c7bd076e5661c1707199882522703d') in 0.035557 seconds
  Import took 0.044827 seconds .

========================================================================
Received Import Request.
  Time since last request: 6.429263 seconds.
  path: Assets/Scripts/button_2.cs
  artifactKey: Guid(070685bff244a0d46883edc25bf84564) Importer(815301076,1909f56bfc062723c751e8b465ee728b)
Start importing Assets/Scripts/button_2.cs using Guid(070685bff244a0d46883edc25bf84564) Importer(815301076,1909f56bfc062723c751e8b465ee728b)  -> (artifact id: '3dff189e1c4393c3153a0eb4b144c8fd') in 0.043346 seconds
  Import took 0.050804 seconds .

========================================================================
Received Prepare
Registering precompiled user dll's ...
Registered in 0.048718 seconds.
Begin MonoManager ReloadAssembly
Native extension for WindowsStandalone target not found
Refreshing native plugins compatible for Editor in 2.71 ms, found 3 plugins.
Preloading 0 native plugins for Editor in 0.00 ms.
Invoked RoslynAnalysisRunner static constructor.
RoslynAnalysisRunner will not be running.
RoslynAnalysisRunner has terminated.
Mono: successfully reloaded assembly
- Completed reload, in  3.447 seconds
Platform modules already initialized, skipping
Refreshing native plugins compatible for Editor in 2.20 ms, found 3 plugins.
Preloading 0 native plugins for Editor in 0.00 ms.
Unloading 1407 Unused Serialized files (Serialized files now loaded: 0)
System memory in use before: 68.1 MB.
System memory in use after: 68.2 MB.

Unloading 53 unused Assets to reduce memory usage. Loaded Objects now: 1840.
Total: 4.264100 ms (FindLiveObjects: 0.238500 ms CreateObjectMapping: 0.082900 ms MarkObjects: 3.894600 ms  DeleteObjects: 0.046100 ms)

========================================================================
Received Prepare
Registering precompiled user dll's ...
Registered in 0.050838 seconds.
Begin MonoManager ReloadAssembly
Native extension for WindowsStandalone target not found
Refreshing native plugins compatible for Editor in 2.13 ms, found 3 plugins.
Preloading 0 native plugins for Editor in 0.00 ms.
Invoked RoslynAnalysisRunner static constructor.
RoslynAnalysisRunner will not be running.
RoslynAnalysisRunner has terminated.
Mono: successfully reloaded assembly
- Completed reload, in  3.478 seconds
Platform modules already initialized, skipping
Refreshing native plugins compatible for Editor in 1.72 ms, found 3 plugins.
Preloading 0 native plugins for Editor in 0.00 ms.
Unloading 1407 Unused Serialized files (Serialized files now loaded: 0)
System memory in use before: 68.1 MB.
System memory in use after: 68.3 MB.

Unloading 53 unused Assets to reduce memory usage. Loaded Objects now: 1842.
Total: 6.579800 ms (FindLiveObjects: 0.611700 ms CreateObjectMapping: 0.176800 ms MarkObjects: 5.720900 ms  DeleteObjects: 0.066900 ms)

========================================================================
Received Prepare
Registering precompiled user dll's ...
Registered in 0.082117 seconds.
Begin MonoManager ReloadAssembly
Native extension for WindowsStandalone target not found
Refreshing native plugins compatible for Editor in 2.36 ms, found 3 plugins.
Preloading 0 native plugins for Editor in 0.00 ms.
Invoked RoslynAnalysisRunner static constructor.
RoslynAnalysisRunner will not be running.
RoslynAnalysisRunner has terminated.
Mono: successfully reloaded assembly
- Completed reload, in  3.806 seconds
Platform modules already initialized, skipping
Refreshing native plugins compatible for Editor in 4.16 ms, found 3 plugins.
Preloading 0 native plugins for Editor in 0.00 ms.
Unloading 1407 Unused Serialized files (Serialized files now loaded: 0)
System memory in use before: 68.2 MB.
System memory in use after: 68.3 MB.

Unloading 53 unused Assets to reduce memory usage. Loaded Objects now: 1844.
Total: 6.302700 ms (FindLiveObjects: 0.519800 ms CreateObjectMapping: 0.247000 ms MarkObjects: 5.423900 ms  DeleteObjects: 0.108700 ms)

========================================================================
Received Import Request.
  Time since last request: 143.097679 seconds.
  path: Assets/Scenes/Ranking.unity
  artifactKey: Guid(fc1587570c6cad640a6de63974ea79e4) Importer(815301076,1909f56bfc062723c751e8b465ee728b)
Start importing Assets/Scenes/Ranking.unity using Guid(fc1587570c6cad640a6de63974ea79e4) Importer(815301076,1909f56bfc062723c751e8b465ee728b)  -> (artifact id: '28c59c5fd3d65be70e4900cf3d79895f') in 0.042670 seconds
  Import took 0.049754 seconds .

========================================================================
Received Import Request.
  Time since last request: 110.879100 seconds.
  path: Assets/Scripts/NewBehaviourScript.cs
  artifactKey: Guid(afa70cb41e5f5c444b71d5cb6b564727) Importer(815301076,1909f56bfc062723c751e8b465ee728b)
Start importing Assets/Scripts/NewBehaviourScript.cs using Guid(afa70cb41e5f5c444b71d5cb6b564727) Importer(815301076,1909f56bfc062723c751e8b465ee728b)  -> (artifact id: '79bcca7660dc8371c07d9933223223dd') in 0.019698 seconds
  Import took 0.028757 seconds .

========================================================================
Received Prepare
Registering precompiled user dll's ...
Registered in 0.049701 seconds.
Begin MonoManager ReloadAssembly
Native extension for WindowsStandalone target not found
Refreshing native plugins compatible for Editor in 1.30 ms, found 3 plugins.
Preloading 0 native plugins for Editor in 0.00 ms.
Invoked RoslynAnalysisRunner static constructor.
RoslynAnalysisRunner will not be running.
RoslynAnalysisRunner has terminated.
Mono: successfully reloaded assembly
- Completed reload, in  3.469 seconds
Platform modules already initialized, skipping
Refreshing native plugins compatible for Editor in 2.45 ms, found 3 plugins.
Preloading 0 native plugins for Editor in 0.00 ms.
Unloading 1408 Unused Serialized files (Serialized files now loaded: 0)
System memory in use before: 68.3 MB.
System memory in use after: 68.4 MB.

Unloading 53 unused Assets to reduce memory usage. Loaded Objects now: 1847.
Total: 6.100500 ms (FindLiveObjects: 0.512700 ms CreateObjectMapping: 0.264400 ms MarkObjects: 5.194800 ms  DeleteObjects: 0.124100 ms)

========================================================================
Received Import Request.
  Time since last request: 20.239420 seconds.
  path: Assets/Scripts/Ranking.cs
  artifactKey: Guid(afa70cb41e5f5c444b71d5cb6b564727) Importer(815301076,1909f56bfc062723c751e8b465ee728b)
Start importing Assets/Scripts/Ranking.cs using Guid(afa70cb41e5f5c444b71d5cb6b564727) Importer(815301076,1909f56bfc062723c751e8b465ee728b)  -> (artifact id: '313922f0136b35d969e1e01564b9910d') in 0.023315 seconds
  Import took 0.032363 seconds .

========================================================================
Received Import Request.
  Time since last request: 0.031450 seconds.
  path: Assets/Scripts/Ranking.cs
  artifactKey: Guid(afa70cb41e5f5c444b71d5cb6b564727) Importer(815301076,1909f56bfc062723c751e8b465ee728b)
Start importing Assets/Scripts/Ranking.cs using Guid(afa70cb41e5f5c444b71d5cb6b564727) Importer(815301076,1909f56bfc062723c751e8b465ee728b)  -> (artifact id: '313922f0136b35d969e1e01564b9910d') in 0.011608 seconds
  Import took 0.021646 seconds .

========================================================================
Received Prepare
Registering precompiled user dll's ...
Registered in 0.202149 seconds.
Begin MonoManager ReloadAssembly
Native extension for WindowsStandalone target not found
Refreshing native plugins compatible for Editor in 1.86 ms, found 3 plugins.
Preloading 0 native plugins for Editor in 0.00 ms.
Invoked RoslynAnalysisRunner static constructor.
RoslynAnalysisRunner will not be running.
RoslynAnalysisRunner has terminated.
Mono: successfully reloaded assembly
- Completed reload, in  3.263 seconds
Platform modules already initialized, skipping
Refreshing native plugins compatible for Editor in 2.09 ms, found 3 plugins.
Preloading 0 native plugins for Editor in 0.00 ms.
Unloading 1408 Unused Serialized files (Serialized files now loaded: 0)
System memory in use before: 68.4 MB.
System memory in use after: 68.5 MB.

Unloading 53 unused Assets to reduce memory usage. Loaded Objects now: 1849.
Total: 13.536500 ms (FindLiveObjects: 0.377200 ms CreateObjectMapping: 0.139200 ms MarkObjects: 12.925600 ms  DeleteObjects: 0.091300 ms)

========================================================================
Received Prepare
Registering precompiled user dll's ...
Registered in 0.047653 seconds.
Begin MonoManager ReloadAssembly
Native extension for WindowsStandalone target not found
Refreshing native plugins compatible for Editor in 1.56 ms, found 3 plugins.
Preloading 0 native plugins for Editor in 0.00 ms.
Invoked RoslynAnalysisRunner static constructor.
RoslynAnalysisRunner will not be running.
RoslynAnalysisRunner has terminated.
Mono: successfully reloaded assembly
- Completed reload, in  3.651 seconds
Platform modules already initialized, skipping
Refreshing native plugins compatible for Editor in 2.55 ms, found 3 plugins.
Preloading 0 native plugins for Editor in 0.00 ms.
Unloading 1408 Unused Serialized files (Serialized files now loaded: 0)
System memory in use before: 68.5 MB.
System memory in use after: 68.6 MB.

Unloading 53 unused Assets to reduce memory usage. Loaded Objects now: 1851.
Total: 6.868700 ms (FindLiveObjects: 0.423900 ms CreateObjectMapping: 0.174000 ms MarkObjects: 6.161800 ms  DeleteObjects: 0.106100 ms)

========================================================================
Received Prepare
Registering precompiled user dll's ...
Registered in 0.047064 seconds.
Begin MonoManager ReloadAssembly
Native extension for WindowsStandalone target not found
Refreshing native plugins compatible for Editor in 1.02 ms, found 3 plugins.
Preloading 0 native plugins for Editor in 0.00 ms.
Invoked RoslynAnalysisRunner static constructor.
RoslynAnalysisRunner will not be running.
RoslynAnalysisRunner has terminated.
Mono: successfully reloaded assembly
- Completed reload, in  3.658 seconds
Platform modules already initialized, skipping
Refreshing native plugins compatible for Editor in 2.43 ms, found 3 plugins.
Preloading 0 native plugins for Editor in 0.00 ms.
Unloading 1408 Unused Serialized files (Serialized files now loaded: 0)
System memory in use before: 68.5 MB.
System memory in use after: 68.6 MB.

Unloading 53 unused Assets to reduce memory usage. Loaded Objects now: 1853.
Total: 3.668300 ms (FindLiveObjects: 0.354400 ms CreateObjectMapping: 0.125300 ms MarkObjects: 3.133300 ms  DeleteObjects: 0.053300 ms)

========================================================================
Received Import Request.
  Time since last request: 423.310102 seconds.
  path: Assets/Scripts/Ranking.cs
  artifactKey: Guid(afa70cb41e5f5c444b71d5cb6b564727) Importer(815301076,1909f56bfc062723c751e8b465ee728b)
Start importing Assets/Scripts/Ranking.cs using Guid(afa70cb41e5f5c444b71d5cb6b564727) Importer(815301076,1909f56bfc062723c751e8b465ee728b)  -> (artifact id: '048713caa5163ca6ec5fea23f1b8e58b') in 0.011299 seconds
  Import took 0.016365 seconds .

========================================================================
Received Import Request.
  Time since last request: 475.201069 seconds.
  path: Assets/Scripts/Ranking.cs
  artifactKey: Guid(afa70cb41e5f5c444b71d5cb6b564727) Importer(815301076,1909f56bfc062723c751e8b465ee728b)
Start importing Assets/Scripts/Ranking.cs using Guid(afa70cb41e5f5c444b71d5cb6b564727) Importer(815301076,1909f56bfc062723c751e8b465ee728b)  -> (artifact id: '27584987953c7cc54cfb84b8a5407988') in 0.045104 seconds
  Import took 0.058956 seconds .

========================================================================
Received Import Request.
  Time since last request: 355.190467 seconds.
  path: Assets/Scenes/Main.unity
  artifactKey: Guid(659d8de96ab25c04bbb756a97641169a) Importer(815301076,1909f56bfc062723c751e8b465ee728b)
Start importing Assets/Scenes/Main.unity using Guid(659d8de96ab25c04bbb756a97641169a) Importer(815301076,1909f56bfc062723c751e8b465ee728b)  -> (artifact id: 'd8ec797f3987298784045595ee8c27d9') in 0.032084 seconds
  Import took 0.038545 seconds .

========================================================================
Received Prepare
Registering precompiled user dll's ...
Registered in 0.057502 seconds.
Begin MonoManager ReloadAssembly
Native extension for WindowsStandalone target not found
Refreshing native plugins compatible for Editor in 2.05 ms, found 3 plugins.
Preloading 0 native plugins for Editor in 0.00 ms.
Invoked RoslynAnalysisRunner static constructor.
RoslynAnalysisRunner will not be running.
RoslynAnalysisRunner has terminated.
Mono: successfully reloaded assembly
- Completed reload, in  3.161 seconds
Platform modules already initialized, skipping
Refreshing native plugins compatible for Editor in 2.52 ms, found 3 plugins.
Preloading 0 native plugins for Editor in 0.00 ms.
Unloading 1408 Unused Serialized files (Serialized files now loaded: 0)
System memory in use before: 68.6 MB.
System memory in use after: 68.7 MB.

Unloading 53 unused Assets to reduce memory usage. Loaded Objects now: 1855.
Total: 6.464000 ms (FindLiveObjects: 0.455500 ms CreateObjectMapping: 0.272200 ms MarkObjects: 5.641300 ms  DeleteObjects: 0.091000 ms)

========================================================================
Received Prepare
Registering precompiled user dll's ...
Registered in 0.094808 seconds.
Begin MonoManager ReloadAssembly
Native extension for WindowsStandalone target not found
Refreshing native plugins compatible for Editor in 1.67 ms, found 3 plugins.
Preloading 0 native plugins for Editor in 0.00 ms.
Invoked RoslynAnalysisRunner static constructor.
RoslynAnalysisRunner will not be running.
RoslynAnalysisRunner has terminated.
Mono: successfully reloaded assembly
- Completed reload, in  3.836 seconds
Platform modules already initialized, skipping
Refreshing native plugins compatible for Editor in 3.00 ms, found 3 plugins.
Preloading 0 native plugins for Editor in 0.00 ms.
Unloading 1408 Unused Serialized files (Serialized files now loaded: 0)
System memory in use before: 68.7 MB.
System memory in use after: 68.8 MB.

Unloading 53 unused Assets to reduce memory usage. Loaded Objects now: 1857.
Total: 6.588700 ms (FindLiveObjects: 0.547600 ms CreateObjectMapping: 0.276700 ms MarkObjects: 5.681500 ms  DeleteObjects: 0.078900 ms)

========================================================================
Received Prepare
Registering precompiled user dll's ...
Registered in 0.061934 seconds.
Begin MonoManager ReloadAssembly
Native extension for WindowsStandalone target not found
Refreshing native plugins compatible for Editor in 1.80 ms, found 3 plugins.
Preloading 0 native plugins for Editor in 0.00 ms.
Invoked RoslynAnalysisRunner static constructor.
RoslynAnalysisRunner will not be running.
RoslynAnalysisRunner has terminated.
Mono: successfully reloaded assembly
- Completed reload, in  3.453 seconds
Platform modules already initialized, skipping
Refreshing native plugins compatible for Editor in 2.05 ms, found 3 plugins.
Preloading 0 native plugins for Editor in 0.00 ms.
Unloading 1408 Unused Serialized files (Serialized files now loaded: 0)
System memory in use before: 68.8 MB.
System memory in use after: 68.9 MB.

Unloading 53 unused Assets to reduce memory usage. Loaded Objects now: 1859.
Total: 4.265500 ms (FindLiveObjects: 0.398600 ms CreateObjectMapping: 0.151900 ms MarkObjects: 3.660600 ms  DeleteObjects: 0.051900 ms)

========================================================================
Received Prepare
Registering precompiled user dll's ...
Registered in 0.106657 seconds.
Begin MonoManager ReloadAssembly
Native extension for WindowsStandalone target not found
Refreshing native plugins compatible for Editor in 5.65 ms, found 3 plugins.
Preloading 0 native plugins for Editor in 0.00 ms.
Invoked RoslynAnalysisRunner static constructor.
RoslynAnalysisRunner will not be running.
RoslynAnalysisRunner has terminated.
Mono: successfully reloaded assembly
- Completed reload, in  4.469 seconds
Platform modules already initialized, skipping
Refreshing native plugins compatible for Editor in 25.17 ms, found 3 plugins.
Preloading 0 native plugins for Editor in 0.00 ms.
Unloading 1408 Unused Serialized files (Serialized files now loaded: 0)
System memory in use before: 68.8 MB.
System memory in use after: 68.9 MB.

Unloading 53 unused Assets to reduce memory usage. Loaded Objects now: 1861.
Total: 138.508500 ms (FindLiveObjects: 3.688800 ms CreateObjectMapping: 84.056500 ms MarkObjects: 50.626000 ms  DeleteObjects: 0.099100 ms)

========================================================================
Received Prepare
Registering precompiled user dll's ...
Registered in 0.051133 seconds.
Begin MonoManager ReloadAssembly
Native extension for WindowsStandalone target not found
Refreshing native plugins compatible for Editor in 1.81 ms, found 3 plugins.
Preloading 0 native plugins for Editor in 0.00 ms.
Invoked RoslynAnalysisRunner static constructor.
RoslynAnalysisRunner will not be running.
RoslynAnalysisRunner has terminated.
Mono: successfully reloaded assembly
- Completed reload, in  3.754 seconds
Platform modules already initialized, skipping
Refreshing native plugins compatible for Editor in 2.81 ms, found 3 plugins.
Preloading 0 native plugins for Editor in 0.00 ms.
Unloading 1408 Unused Serialized files (Serialized files now loaded: 0)
System memory in use before: 68.9 MB.
System memory in use after: 69.0 MB.

Unloading 53 unused Assets to reduce memory usage. Loaded Objects now: 1863.
Total: 4.550700 ms (FindLiveObjects: 0.303300 ms CreateObjectMapping: 0.109800 ms MarkObjects: 4.037200 ms  DeleteObjects: 0.097000 ms)

========================================================================
Received Prepare
Registering precompiled user dll's ...
Registered in 0.054190 seconds.
Begin MonoManager ReloadAssembly
Native extension for WindowsStandalone target not found
Refreshing native plugins compatible for Editor in 4.38 ms, found 3 plugins.
Preloading 0 native plugins for Editor in 0.00 ms.
Invoked RoslynAnalysisRunner static constructor.
RoslynAnalysisRunner will not be running.
RoslynAnalysisRunner has terminated.
Mono: successfully reloaded assembly
- Completed reload, in  3.987 seconds
Platform modules already initialized, skipping
Refreshing native plugins compatible for Editor in 3.08 ms, found 3 plugins.
Preloading 0 native plugins for Editor in 0.00 ms.
Unloading 1408 Unused Serialized files (Serialized files now loaded: 0)
System memory in use before: 69.0 MB.
System memory in use after: 69.1 MB.

Unloading 53 unused Assets to reduce memory usage. Loaded Objects now: 1865.
Total: 5.687000 ms (FindLiveObjects: 0.429300 ms CreateObjectMapping: 0.168900 ms MarkObjects: 4.988700 ms  DeleteObjects: 0.097400 ms)

========================================================================
Received Prepare
Registering precompiled user dll's ...
Registered in 0.084256 seconds.
Begin MonoManager ReloadAssembly
Native extension for WindowsStandalone target not found
Refreshing native plugins compatible for Editor in 1.51 ms, found 3 plugins.
Preloading 0 native plugins for Editor in 0.00 ms.
Invoked RoslynAnalysisRunner static constructor.
RoslynAnalysisRunner will not be running.
RoslynAnalysisRunner has terminated.
Mono: successfully reloaded assembly
- Completed reload, in  2.843 seconds
Platform modules already initialized, skipping
Refreshing native plugins compatible for Editor in 2.19 ms, found 3 plugins.
Preloading 0 native plugins for Editor in 0.00 ms.
Unloading 1408 Unused Serialized files (Serialized files now loaded: 0)
System memory in use before: 69.0 MB.
System memory in use after: 69.2 MB.

Unloading 53 unused Assets to reduce memory usage. Loaded Objects now: 1867.
Total: 8.128000 ms (FindLiveObjects: 0.531600 ms CreateObjectMapping: 0.219300 ms MarkObjects: 7.295000 ms  DeleteObjects: 0.079100 ms)

========================================================================
Received Prepare
Registering precompiled user dll's ...
Registered in 0.089175 seconds.
Begin MonoManager ReloadAssembly
Native extension for WindowsStandalone target not found
Refreshing native plugins compatible for Editor in 1.09 ms, found 3 plugins.
Preloading 0 native plugins for Editor in 0.00 ms.
Invoked RoslynAnalysisRunner static constructor.
RoslynAnalysisRunner will not be running.
RoslynAnalysisRunner has terminated.
Mono: successfully reloaded assembly
- Completed reload, in  5.086 seconds
Platform modules already initialized, skipping
Refreshing native plugins compatible for Editor in 5.11 ms, found 3 plugins.
Preloading 0 native plugins for Editor in 0.00 ms.
Unloading 1408 Unused Serialized files (Serialized files now loaded: 0)
System memory in use before: 69.1 MB.
System memory in use after: 69.2 MB.

Unloading 53 unused Assets to reduce memory usage. Loaded Objects now: 1869.
Total: 11.852300 ms (FindLiveObjects: 0.680900 ms CreateObjectMapping: 0.241300 ms MarkObjects: 10.796500 ms  DeleteObjects: 0.130300 ms)

========================================================================
Received Import Request.
  Time since last request: 1030.386303 seconds.
  path: Assets/Scripts/BallBounce.cs
  artifactKey: Guid(0a7839fd61a02e54ba08b00cdc3bba79) Importer(815301076,1909f56bfc062723c751e8b465ee728b)
Start importing Assets/Scripts/BallBounce.cs using Guid(0a7839fd61a02e54ba08b00cdc3bba79) Importer(815301076,1909f56bfc062723c751e8b465ee728b)  -> (artifact id: '0db7ec2321839c518c8ce795bcaecc42') in 0.015864 seconds
  Import took 0.021170 seconds .

========================================================================
Received Import Request.
  Time since last request: 0.026340 seconds.
  path: Assets/Scripts/BallBounce.cs
  artifactKey: Guid(0a7839fd61a02e54ba08b00cdc3bba79) Importer(815301076,1909f56bfc062723c751e8b465ee728b)
Start importing Assets/Scripts/BallBounce.cs using Guid(0a7839fd61a02e54ba08b00cdc3bba79) Importer(815301076,1909f56bfc062723c751e8b465ee728b)  -> (artifact id: '0db7ec2321839c518c8ce795bcaecc42') in 0.013326 seconds
  Import took 0.019665 seconds .

========================================================================
Received Prepare
Registering precompiled user dll's ...
Registered in 0.053153 seconds.
Begin MonoManager ReloadAssembly
Native extension for WindowsStandalone target not found
Refreshing native plugins compatible for Editor in 1.56 ms, found 3 plugins.
Preloading 0 native plugins for Editor in 0.00 ms.
Invoked RoslynAnalysisRunner static constructor.
RoslynAnalysisRunner will not be running.
RoslynAnalysisRunner has terminated.
Mono: successfully reloaded assembly
- Completed reload, in  3.675 seconds
Platform modules already initialized, skipping
Refreshing native plugins compatible for Editor in 1.82 ms, found 3 plugins.
Preloading 0 native plugins for Editor in 0.00 ms.
Unloading 1408 Unused Serialized files (Serialized files now loaded: 0)
System memory in use before: 69.2 MB.
System memory in use after: 69.3 MB.

Unloading 53 unused Assets to reduce memory usage. Loaded Objects now: 1871.
Total: 3.966200 ms (FindLiveObjects: 0.340600 ms CreateObjectMapping: 0.144100 ms MarkObjects: 3.419200 ms  DeleteObjects: 0.059700 ms)

========================================================================
Received Import Request.
  Time since last request: 147.458596 seconds.
  path: Assets/Scripts/BallBounce.cs
  artifactKey: Guid(0a7839fd61a02e54ba08b00cdc3bba79) Importer(815301076,1909f56bfc062723c751e8b465ee728b)
Start importing Assets/Scripts/BallBounce.cs using Guid(0a7839fd61a02e54ba08b00cdc3bba79) Importer(815301076,1909f56bfc062723c751e8b465ee728b)  -> (artifact id: '63d107d8f94aa8fe5f6aac8149c2f7a7') in 0.019643 seconds
  Import took 0.027116 seconds .

========================================================================
Received Import Request.
  Time since last request: 0.097615 seconds.
  path: Assets/Scripts/BallBounce.cs
  artifactKey: Guid(0a7839fd61a02e54ba08b00cdc3bba79) Importer(815301076,1909f56bfc062723c751e8b465ee728b)
Start importing Assets/Scripts/BallBounce.cs using Guid(0a7839fd61a02e54ba08b00cdc3bba79) Importer(815301076,1909f56bfc062723c751e8b465ee728b)  -> (artifact id: '63d107d8f94aa8fe5f6aac8149c2f7a7') in 0.014231 seconds
  Import took 0.022861 seconds .

========================================================================
Received Prepare
Registering precompiled user dll's ...
Registered in 0.077581 seconds.
Begin MonoManager ReloadAssembly
Native extension for WindowsStandalone target not found
Refreshing native plugins compatible for Editor in 1.52 ms, found 3 plugins.
Preloading 0 native plugins for Editor in 0.00 ms.
Invoked RoslynAnalysisRunner static constructor.
RoslynAnalysisRunner will not be running.
RoslynAnalysisRunner has terminated.
Mono: successfully reloaded assembly
- Completed reload, in  4.106 seconds
Platform modules already initialized, skipping
Refreshing native plugins compatible for Editor in 3.53 ms, found 3 plugins.
Preloading 0 native plugins for Editor in 0.00 ms.
Unloading 1408 Unused Serialized files (Serialized files now loaded: 0)
System memory in use before: 69.3 MB.
System memory in use after: 69.4 MB.

Unloading 53 unused Assets to reduce memory usage. Loaded Objects now: 1873.
Total: 4.764400 ms (FindLiveObjects: 0.609100 ms CreateObjectMapping: 0.216800 ms MarkObjects: 3.853800 ms  DeleteObjects: 0.081500 ms)

========================================================================
Received Prepare
Registering precompiled user dll's ...
Registered in 0.073000 seconds.
Begin MonoManager ReloadAssembly
Native extension for WindowsStandalone target not found
Refreshing native plugins compatible for Editor in 1.55 ms, found 3 plugins.
Preloading 0 native plugins for Editor in 0.00 ms.
Invoked RoslynAnalysisRunner static constructor.
RoslynAnalysisRunner will not be running.
RoslynAnalysisRunner has terminated.
Mono: successfully reloaded assembly
- Completed reload, in  3.785 seconds
Platform modules already initialized, skipping
Refreshing native plugins compatible for Editor in 2.85 ms, found 3 plugins.
Preloading 0 native plugins for Editor in 0.00 ms.
Unloading 1408 Unused Serialized files (Serialized files now loaded: 0)
System memory in use before: 69.3 MB.
System memory in use after: 69.4 MB.

Unloading 53 unused Assets to reduce memory usage. Loaded Objects now: 1875.
Total: 18.677500 ms (FindLiveObjects: 0.884600 ms CreateObjectMapping: 0.705800 ms MarkObjects: 17.001300 ms  DeleteObjects: 0.082500 ms)

========================================================================
Received Prepare
Registering precompiled user dll's ...
Registered in 0.059775 seconds.
Begin MonoManager ReloadAssembly
Native extension for WindowsStandalone target not found
Refreshing native plugins compatible for Editor in 1.50 ms, found 3 plugins.
Preloading 0 native plugins for Editor in 0.00 ms.
Invoked RoslynAnalysisRunner static constructor.
RoslynAnalysisRunner will not be running.
RoslynAnalysisRunner has terminated.
Mono: successfully reloaded assembly
- Completed reload, in  3.468 seconds
Platform modules already initialized, skipping
Refreshing native plugins compatible for Editor in 2.53 ms, found 3 plugins.
Preloading 0 native plugins for Editor in 0.00 ms.
Unloading 1408 Unused Serialized files (Serialized files now loaded: 0)
System memory in use before: 69.4 MB.
System memory in use after: 69.5 MB.

Unloading 53 unused Assets to reduce memory usage. Loaded Objects now: 1877.
Total: 4.768900 ms (FindLiveObjects: 0.307100 ms CreateObjectMapping: 0.109600 ms MarkObjects: 4.286100 ms  DeleteObjects: 0.063700 ms)

========================================================================
Received Prepare
Registering precompiled user dll's ...
Registered in 0.081260 seconds.
Begin MonoManager ReloadAssembly
Native extension for WindowsStandalone target not found
Refreshing native plugins compatible for Editor in 1.73 ms, found 3 plugins.
Preloading 0 native plugins for Editor in 0.00 ms.
Invoked RoslynAnalysisRunner static constructor.
RoslynAnalysisRunner will not be running.
RoslynAnalysisRunner has terminated.
Mono: successfully reloaded assembly
- Completed reload, in  3.577 seconds
Platform modules already initialized, skipping
Refreshing native plugins compatible for Editor in 1.62 ms, found 3 plugins.
Preloading 0 native plugins for Editor in 0.00 ms.
Unloading 1408 Unused Serialized files (Serialized files now loaded: 0)
System memory in use before: 69.5 MB.
System memory in use after: 69.6 MB.

Unloading 53 unused Assets to reduce memory usage. Loaded Objects now: 1879.
Total: 5.798600 ms (FindLiveObjects: 1.000500 ms CreateObjectMapping: 0.158800 ms MarkObjects: 4.566900 ms  DeleteObjects: 0.069000 ms)

========================================================================
Received Import Request.
  Time since last request: 1046.992425 seconds.
  path: Assets/Scenes/level1.unity
  artifactKey: Guid(296f4486085663c419865cc40cd3c641) Importer(815301076,1909f56bfc062723c751e8b465ee728b)
Start importing Assets/Scenes/level1.unity using Guid(296f4486085663c419865cc40cd3c641) Importer(815301076,1909f56bfc062723c751e8b465ee728b)  -> (artifact id: 'ef40d525af64ab59aa618d8c44d5044b') in 0.028842 seconds
  Import took 0.035619 seconds .

========================================================================
Received Import Request.
  Time since last request: 4.818949 seconds.
  path: Assets/Scenes/level2.unity
  artifactKey: Guid(95599e4249f3f22449032a5537786f45) Importer(815301076,1909f56bfc062723c751e8b465ee728b)
Start importing Assets/Scenes/level2.unity using Guid(95599e4249f3f22449032a5537786f45) Importer(815301076,1909f56bfc062723c751e8b465ee728b)  -> (artifact id: '52ee4679e79f68b7f4f1de41a97ee4ed') in 0.015065 seconds
  Import took 0.021870 seconds .

========================================================================
Received Prepare
Registering precompiled user dll's ...
Registered in 0.043837 seconds.
Begin MonoManager ReloadAssembly
Native extension for WindowsStandalone target not found
Refreshing native plugins compatible for Editor in 1.75 ms, found 3 plugins.
Preloading 0 native plugins for Editor in 0.00 ms.
Invoked RoslynAnalysisRunner static constructor.
RoslynAnalysisRunner will not be running.
RoslynAnalysisRunner has terminated.
Mono: successfully reloaded assembly
- Completed reload, in  3.914 seconds
Platform modules already initialized, skipping
Refreshing native plugins compatible for Editor in 2.67 ms, found 3 plugins.
Preloading 0 native plugins for Editor in 0.00 ms.
Unloading 1408 Unused Serialized files (Serialized files now loaded: 0)
System memory in use before: 69.6 MB.
System memory in use after: 69.7 MB.

Unloading 53 unused Assets to reduce memory usage. Loaded Objects now: 1881.
Total: 5.408300 ms (FindLiveObjects: 0.435600 ms CreateObjectMapping: 0.169600 ms MarkObjects: 4.730300 ms  DeleteObjects: 0.069900 ms)

========================================================================
Received Import Request.
  Time since last request: 78.860283 seconds.
  path: Assets/Resources/Ball.prefab
  artifactKey: Guid(9e1e2ca377581f644a01055f92b6f1c1) Importer(815301076,1909f56bfc062723c751e8b465ee728b)
Start importing Assets/Resources/Ball.prefab using Guid(9e1e2ca377581f644a01055f92b6f1c1) Importer(815301076,1909f56bfc062723c751e8b465ee728b)  -> (artifact id: 'a07089912b78d11b2d0b004c7cd41b84') in 0.386093 seconds
  Import took 0.397274 seconds .

========================================================================
Received Import Request.
  Time since last request: 0.001087 seconds.
  path: Assets/Resources/no friction.physicsMaterial2D
  artifactKey: Guid(37311852d6da7d04da65cd5307510487) Importer(815301076,1909f56bfc062723c751e8b465ee728b)
Start importing Assets/Resources/no friction.physicsMaterial2D using Guid(37311852d6da7d04da65cd5307510487) Importer(815301076,1909f56bfc062723c751e8b465ee728b)  -> (artifact id: '653ef6599309be0f0664c52dbd819873') in 0.071628 seconds
  Import took 0.084679 seconds .

========================================================================
Received Import Request.
  Time since last request: 4.357206 seconds.
  path: Assets/Resources/Ball.prefab
  artifactKey: Guid(9e1e2ca377581f644a01055f92b6f1c1) Importer(815301076,1909f56bfc062723c751e8b465ee728b)
Start importing Assets/Resources/Ball.prefab using Guid(9e1e2ca377581f644a01055f92b6f1c1) Importer(815301076,1909f56bfc062723c751e8b465ee728b)  -> (artifact id: '020428bb81d519d920eec0d58285247d') in 0.069182 seconds
  Import took 0.082764 seconds .

========================================================================
Received Prepare
Registering precompiled user dll's ...
Registered in 0.064323 seconds.
Begin MonoManager ReloadAssembly
Native extension for WindowsStandalone target not found
Refreshing native plugins compatible for Editor in 1.58 ms, found 3 plugins.
Preloading 0 native plugins for Editor in 0.00 ms.
Invoked RoslynAnalysisRunner static constructor.
RoslynAnalysisRunner will not be running.
RoslynAnalysisRunner has terminated.
Mono: successfully reloaded assembly
- Completed reload, in  3.399 seconds
Platform modules already initialized, skipping
Refreshing native plugins compatible for Editor in 3.17 ms, found 3 plugins.
Preloading 0 native plugins for Editor in 0.00 ms.
Unloading 1408 Unused Serialized files (Serialized files now loaded: 0)
System memory in use before: 72.7 MB.
System memory in use after: 72.8 MB.

Unloading 53 unused Assets to reduce memory usage. Loaded Objects now: 1890.
Total: 6.023900 ms (FindLiveObjects: 0.482100 ms CreateObjectMapping: 0.129900 ms MarkObjects: 5.285100 ms  DeleteObjects: 0.123400 ms)

========================================================================
Received Prepare
Registering precompiled user dll's ...
Registered in 0.083890 seconds.
Begin MonoManager ReloadAssembly
Native extension for WindowsStandalone target not found
Refreshing native plugins compatible for Editor in 0.92 ms, found 3 plugins.
Preloading 0 native plugins for Editor in 0.00 ms.
Invoked RoslynAnalysisRunner static constructor.
RoslynAnalysisRunner will not be running.
RoslynAnalysisRunner has terminated.
Mono: successfully reloaded assembly
- Completed reload, in  2.948 seconds
Platform modules already initialized, skipping
Refreshing native plugins compatible for Editor in 1.90 ms, found 3 plugins.
Preloading 0 native plugins for Editor in 0.00 ms.
Unloading 1408 Unused Serialized files (Serialized files now loaded: 0)
System memory in use before: 71.8 MB.
System memory in use after: 71.9 MB.

Unloading 53 unused Assets to reduce memory usage. Loaded Objects now: 1892.
Total: 3.758300 ms (FindLiveObjects: 0.339200 ms CreateObjectMapping: 0.146300 ms MarkObjects: 3.148800 ms  DeleteObjects: 0.121700 ms)

========================================================================
Received Prepare
Registering precompiled user dll's ...
Registered in 0.052979 seconds.
Begin MonoManager ReloadAssembly
Native extension for WindowsStandalone target not found
Refreshing native plugins compatible for Editor in 2.88 ms, found 3 plugins.
Preloading 0 native plugins for Editor in 0.00 ms.
Invoked RoslynAnalysisRunner static constructor.
RoslynAnalysisRunner will not be running.
RoslynAnalysisRunner has terminated.
Mono: successfully reloaded assembly
- Completed reload, in  4.542 seconds
Platform modules already initialized, skipping
Refreshing native plugins compatible for Editor in 2.97 ms, found 3 plugins.
Preloading 0 native plugins for Editor in 0.00 ms.
Unloading 1408 Unused Serialized files (Serialized files now loaded: 0)
System memory in use before: 71.9 MB.
System memory in use after: 72.0 MB.

Unloading 53 unused Assets to reduce memory usage. Loaded Objects now: 1894.
Total: 4.032200 ms (FindLiveObjects: 0.395700 ms CreateObjectMapping: 0.153400 ms MarkObjects: 3.398700 ms  DeleteObjects: 0.081100 ms)

========================================================================
Received Import Request.
  Time since last request: 373.747315 seconds.
  path: Assets/Scenes/level4.unity
  artifactKey: Guid(aac6cd4292a23b94c9c740bd670fc942) Importer(815301076,1909f56bfc062723c751e8b465ee728b)
Start importing Assets/Scenes/level4.unity using Guid(aac6cd4292a23b94c9c740bd670fc942) Importer(815301076,1909f56bfc062723c751e8b465ee728b)  -> (artifact id: 'b7ed7e58906ec3b8beb0530fbd89a938') in 0.037279 seconds
  Import took 0.045333 seconds .

========================================================================
Received Prepare
Registering precompiled user dll's ...
Registered in 0.052309 seconds.
Begin MonoManager ReloadAssembly
Native extension for WindowsStandalone target not found
Refreshing native plugins compatible for Editor in 1.56 ms, found 3 plugins.
Preloading 0 native plugins for Editor in 0.00 ms.
Invoked RoslynAnalysisRunner static constructor.
RoslynAnalysisRunner will not be running.
RoslynAnalysisRunner has terminated.
Mono: successfully reloaded assembly
- Completed reload, in  3.480 seconds
Platform modules already initialized, skipping
Refreshing native plugins compatible for Editor in 3.66 ms, found 3 plugins.
Preloading 0 native plugins for Editor in 0.00 ms.
Unloading 1408 Unused Serialized files (Serialized files now loaded: 0)
System memory in use before: 72.0 MB.
System memory in use after: 72.1 MB.

Unloading 53 unused Assets to reduce memory usage. Loaded Objects now: 1896.
Total: 6.318000 ms (FindLiveObjects: 0.492400 ms CreateObjectMapping: 0.656600 ms MarkObjects: 5.080700 ms  DeleteObjects: 0.085200 ms)

========================================================================
Received Import Request.
  Time since last request: 47.143087 seconds.
  path: Assets/Scenes/level5.unity
  artifactKey: Guid(bb12c066425284a42bc202c134702b0a) Importer(815301076,1909f56bfc062723c751e8b465ee728b)
Start importing Assets/Scenes/level5.unity using Guid(bb12c066425284a42bc202c134702b0a) Importer(815301076,1909f56bfc062723c751e8b465ee728b)  -> (artifact id: 'b3b882c27f786514ff77533ee4c58244') in 0.051824 seconds
  Import took 0.060166 seconds .

========================================================================
Received Import Request.
  Time since last request: 3.020577 seconds.
  path: Assets/Scenes/level6.unity
  artifactKey: Guid(e98adc3380b6efa459bf4d900912113f) Importer(815301076,1909f56bfc062723c751e8b465ee728b)
Start importing Assets/Scenes/level6.unity using Guid(e98adc3380b6efa459bf4d900912113f) Importer(815301076,1909f56bfc062723c751e8b465ee728b)  -> (artifact id: 'a0c252c96b0fce1adf424796ad92c4b7') in 0.012524 seconds
  Import took 0.018081 seconds .

========================================================================
Received Import Request.
  Time since last request: 1.090612 seconds.
  path: Assets/Scenes/level7.unity
  artifactKey: Guid(c0b55e7a487b5cd439a9fd939f3714fc) Importer(815301076,1909f56bfc062723c751e8b465ee728b)
Start importing Assets/Scenes/level7.unity using Guid(c0b55e7a487b5cd439a9fd939f3714fc) Importer(815301076,1909f56bfc062723c751e8b465ee728b)  -> (artifact id: '54ef249610181ca70a831a4413cdcc05') in 0.012447 seconds
  Import took 0.017502 seconds .

========================================================================
Received Import Request.
  Time since last request: 2.236546 seconds.
  path: Assets/Scenes/level8.unity
  artifactKey: Guid(6bd953ded296b7046b739db521432cee) Importer(815301076,1909f56bfc062723c751e8b465ee728b)
Start importing Assets/Scenes/level8.unity using Guid(6bd953ded296b7046b739db521432cee) Importer(815301076,1909f56bfc062723c751e8b465ee728b)  -> (artifact id: '2dcb809982e04859970d17e7cef921bb') in 0.013779 seconds
  Import took 0.019093 seconds .

========================================================================
Received Import Request.
  Time since last request: 1.377075 seconds.
  path: Assets/Scenes/level9.unity
  artifactKey: Guid(9992f283e2ee64d4b834d304234e80e5) Importer(815301076,1909f56bfc062723c751e8b465ee728b)
Start importing Assets/Scenes/level9.unity using Guid(9992f283e2ee64d4b834d304234e80e5) Importer(815301076,1909f56bfc062723c751e8b465ee728b)  -> (artifact id: '5ff7b0c25d69dc6991fb036b782fee62') in 0.016825 seconds
  Import took 0.022481 seconds .

========================================================================
Received Import Request.
  Time since last request: 0.802311 seconds.
  path: Assets/Scenes/level10.unity
  artifactKey: Guid(80b66c1c3104f9949b98e7a8c05abec9) Importer(815301076,1909f56bfc062723c751e8b465ee728b)
Start importing Assets/Scenes/level10.unity using Guid(80b66c1c3104f9949b98e7a8c05abec9) Importer(815301076,1909f56bfc062723c751e8b465ee728b)  -> (artifact id: '6e583df7e169d8bb902c382475b4c6b6') in 0.038421 seconds
  Import took 0.073977 seconds .

========================================================================
Received Import Request.
  Time since last request: 1.316661 seconds.
  path: Assets/Scenes/level11.unity
  artifactKey: Guid(3e1656eace097ad4b81187cd1d964068) Importer(815301076,1909f56bfc062723c751e8b465ee728b)
Start importing Assets/Scenes/level11.unity using Guid(3e1656eace097ad4b81187cd1d964068) Importer(815301076,1909f56bfc062723c751e8b465ee728b)  -> (artifact id: '92351fb4baf1e5335b81b87a9d292622') in 0.021123 seconds
  Import took 0.029190 seconds .

========================================================================
Received Import Request.
  Time since last request: 0.878271 seconds.
  path: Assets/Scenes/level12.unity
  artifactKey: Guid(0c5a832c935051d42a29c8177cd003de) Importer(815301076,1909f56bfc062723c751e8b465ee728b)
Start importing Assets/Scenes/level12.unity using Guid(0c5a832c935051d42a29c8177cd003de) Importer(815301076,1909f56bfc062723c751e8b465ee728b)  -> (artifact id: 'da6aae265e87a0a2934476c6f596d178') in 0.021952 seconds
  Import took 0.031429 seconds .

========================================================================
Received Import Request.
  Time since last request: 1.256881 seconds.
  path: Assets/Scenes/level13.unity
  artifactKey: Guid(8e91383cbdbfcd54db91d6bb37018230) Importer(815301076,1909f56bfc062723c751e8b465ee728b)
Start importing Assets/Scenes/level13.unity using Guid(8e91383cbdbfcd54db91d6bb37018230) Importer(815301076,1909f56bfc062723c751e8b465ee728b)  -> (artifact id: 'aa8db78bcd038b3802f3508ceb0cb1f9') in 0.019402 seconds
  Import took 0.025906 seconds .

========================================================================
Received Import Request.
  Time since last request: 1.338879 seconds.
  path: Assets/Scenes/level14.unity
  artifactKey: Guid(e81471d02d1abd94fa06583f18574e31) Importer(815301076,1909f56bfc062723c751e8b465ee728b)
Start importing Assets/Scenes/level14.unity using Guid(e81471d02d1abd94fa06583f18574e31) Importer(815301076,1909f56bfc062723c751e8b465ee728b)  -> (artifact id: '33d056c91c35745f6170a54566fa9883') in 0.011963 seconds
  Import took 0.016848 seconds .

========================================================================
Received Import Request.
  Time since last request: 2.156765 seconds.
  path: Assets/Scenes/level15.unity
  artifactKey: Guid(14a6ae20d35c8f1478677da88fc04b9c) Importer(815301076,1909f56bfc062723c751e8b465ee728b)
Start importing Assets/Scenes/level15.unity using Guid(14a6ae20d35c8f1478677da88fc04b9c) Importer(815301076,1909f56bfc062723c751e8b465ee728b)  -> (artifact id: '7873835a4648075347a48c4ff47fa56e') in 0.017923 seconds
  Import took 0.024187 seconds .

========================================================================
Received Prepare
Registering precompiled user dll's ...
Registered in 0.097386 seconds.
Begin MonoManager ReloadAssembly
Native extension for WindowsStandalone target not found
Refreshing native plugins compatible for Editor in 2.10 ms, found 3 plugins.
Preloading 0 native plugins for Editor in 0.00 ms.
Invoked RoslynAnalysisRunner static constructor.
RoslynAnalysisRunner will not be running.
RoslynAnalysisRunner has terminated.
Mono: successfully reloaded assembly
- Completed reload, in  4.765 seconds
Platform modules already initialized, skipping
Refreshing native plugins compatible for Editor in 6.19 ms, found 3 plugins.
Preloading 0 native plugins for Editor in 0.00 ms.
Unloading 1408 Unused Serialized files (Serialized files now loaded: 0)
System memory in use before: 72.1 MB.
System memory in use after: 72.2 MB.

Unloading 53 unused Assets to reduce memory usage. Loaded Objects now: 1898.
Total: 11.675500 ms (FindLiveObjects: 2.552900 ms CreateObjectMapping: 0.424200 ms MarkObjects: 8.521000 ms  DeleteObjects: 0.171700 ms)

========================================================================
Received Import Request.
  Time since last request: 716.111252 seconds.
  path: Assets/Scenes/clear.unity
  artifactKey: Guid(1d9db5902559fe042a875b0d5b2c0094) Importer(815301076,1909f56bfc062723c751e8b465ee728b)
Start importing Assets/Scenes/clear.unity using Guid(1d9db5902559fe042a875b0d5b2c0094) Importer(815301076,1909f56bfc062723c751e8b465ee728b)  -> (artifact id: '202768bd05d38e3729c5bfdb34931070') in 0.048447 seconds
  Import took 0.058124 seconds .

========================================================================
Received Prepare
Registering precompiled user dll's ...
Registered in 0.048590 seconds.
Begin MonoManager ReloadAssembly
Native extension for WindowsStandalone target not found
Refreshing native plugins compatible for Editor in 1.49 ms, found 3 plugins.
Preloading 0 native plugins for Editor in 0.00 ms.
Invoked RoslynAnalysisRunner static constructor.
RoslynAnalysisRunner will not be running.
RoslynAnalysisRunner has terminated.
Mono: successfully reloaded assembly
- Completed reload, in  3.499 seconds
Platform modules already initialized, skipping
Refreshing native plugins compatible for Editor in 2.78 ms, found 3 plugins.
Preloading 0 native plugins for Editor in 0.00 ms.
Unloading 1408 Unused Serialized files (Serialized files now loaded: 0)
System memory in use before: 72.2 MB.
System memory in use after: 72.3 MB.

Unloading 53 unused Assets to reduce memory usage. Loaded Objects now: 1900.
Total: 7.173800 ms (FindLiveObjects: 0.589200 ms CreateObjectMapping: 0.330600 ms MarkObjects: 6.114500 ms  DeleteObjects: 0.134800 ms)

========================================================================
Received Prepare
Registering precompiled user dll's ...
Registered in 0.053424 seconds.
Begin MonoManager ReloadAssembly
Native extension for WindowsStandalone target not found
Refreshing native plugins compatible for Editor in 1.18 ms, found 3 plugins.
Preloading 0 native plugins for Editor in 0.00 ms.
Invoked RoslynAnalysisRunner static constructor.
RoslynAnalysisRunner will not be running.
RoslynAnalysisRunner has terminated.
Mono: successfully reloaded assembly
- Completed reload, in  3.685 seconds
Platform modules already initialized, skipping
Refreshing native plugins compatible for Editor in 3.90 ms, found 3 plugins.
Preloading 0 native plugins for Editor in 0.00 ms.
Unloading 1408 Unused Serialized files (Serialized files now loaded: 0)
System memory in use before: 72.3 MB.
System memory in use after: 72.4 MB.

Unloading 53 unused Assets to reduce memory usage. Loaded Objects now: 1902.
Total: 5.017500 ms (FindLiveObjects: 0.470300 ms CreateObjectMapping: 0.273200 ms MarkObjects: 4.196000 ms  DeleteObjects: 0.075500 ms)

========================================================================
Received Prepare
Registering precompiled user dll's ...
Registered in 0.073524 seconds.
Begin MonoManager ReloadAssembly
Native extension for WindowsStandalone target not found
Refreshing native plugins compatible for Editor in 2.66 ms, found 3 plugins.
Preloading 0 native plugins for Editor in 0.00 ms.
Invoked RoslynAnalysisRunner static constructor.
RoslynAnalysisRunner will not be running.
RoslynAnalysisRunner has terminated.
Mono: successfully reloaded assembly
- Completed reload, in  2.864 seconds
Platform modules already initialized, skipping
Refreshing native plugins compatible for Editor in 1.73 ms, found 3 plugins.
Preloading 0 native plugins for Editor in 0.00 ms.
Unloading 1408 Unused Serialized files (Serialized files now loaded: 0)
System memory in use before: 72.3 MB.
System memory in use after: 72.4 MB.

Unloading 53 unused Assets to reduce memory usage. Loaded Objects now: 1904.
Total: 4.898600 ms (FindLiveObjects: 0.489500 ms CreateObjectMapping: 0.239200 ms MarkObjects: 4.113500 ms  DeleteObjects: 0.052900 ms)

========================================================================
Received Prepare
Registering precompiled user dll's ...
Registered in 0.217006 seconds.
Begin MonoManager ReloadAssembly
Native extension for WindowsStandalone target not found
Refreshing native plugins compatible for Editor in 2.56 ms, found 3 plugins.
Preloading 0 native plugins for Editor in 0.00 ms.
Invoked RoslynAnalysisRunner static constructor.
RoslynAnalysisRunner will not be running.
RoslynAnalysisRunner has terminated.
Mono: successfully reloaded assembly
- Completed reload, in  4.090 seconds
Platform modules already initialized, skipping
Refreshing native plugins compatible for Editor in 2.88 ms, found 3 plugins.
Preloading 0 native plugins for Editor in 0.00 ms.
Unloading 1408 Unused Serialized files (Serialized files now loaded: 0)
System memory in use before: 72.4 MB.
System memory in use after: 72.5 MB.

Unloading 53 unused Assets to reduce memory usage. Loaded Objects now: 1906.
Total: 4.862000 ms (FindLiveObjects: 0.345000 ms CreateObjectMapping: 0.109600 ms MarkObjects: 4.338800 ms  DeleteObjects: 0.065700 ms)

========================================================================
Received Prepare
Registering precompiled user dll's ...
Registered in 0.051563 seconds.
Begin MonoManager ReloadAssembly
Native extension for WindowsStandalone target not found
Refreshing native plugins compatible for Editor in 1.87 ms, found 3 plugins.
Preloading 0 native plugins for Editor in 0.00 ms.
Invoked RoslynAnalysisRunner static constructor.
RoslynAnalysisRunner will not be running.
RoslynAnalysisRunner has terminated.
Mono: successfully reloaded assembly
- Completed reload, in  3.933 seconds
Platform modules already initialized, skipping
Refreshing native plugins compatible for Editor in 3.67 ms, found 3 plugins.
Preloading 0 native plugins for Editor in 0.00 ms.
Unloading 1408 Unused Serialized files (Serialized files now loaded: 0)
System memory in use before: 72.5 MB.
System memory in use after: 72.6 MB.

Unloading 53 unused Assets to reduce memory usage. Loaded Objects now: 1908.
Total: 9.029200 ms (FindLiveObjects: 0.756000 ms CreateObjectMapping: 0.302100 ms MarkObjects: 7.787900 ms  DeleteObjects: 0.177800 ms)

========================================================================
Received Prepare
Registering precompiled user dll's ...
Registered in 0.052196 seconds.
Begin MonoManager ReloadAssembly
Native extension for WindowsStandalone target not found
Refreshing native plugins compatible for Editor in 2.09 ms, found 3 plugins.
Preloading 0 native plugins for Editor in 0.00 ms.
Invoked RoslynAnalysisRunner static constructor.
RoslynAnalysisRunner will not be running.
RoslynAnalysisRunner has terminated.
Mono: successfully reloaded assembly
- Completed reload, in  3.381 seconds
Platform modules already initialized, skipping
Refreshing native plugins compatible for Editor in 3.09 ms, found 3 plugins.
Preloading 0 native plugins for Editor in 0.00 ms.
Unloading 1408 Unused Serialized files (Serialized files now loaded: 0)
System memory in use before: 72.5 MB.
System memory in use after: 72.7 MB.

Unloading 53 unused Assets to reduce memory usage. Loaded Objects now: 1910.
Total: 4.769400 ms (FindLiveObjects: 0.405100 ms CreateObjectMapping: 0.143500 ms MarkObjects: 4.136800 ms  DeleteObjects: 0.081300 ms)

========================================================================
Received Import Request.
  Time since last request: 487.448979 seconds.
  path: Assets/Scenes/Ranking.unity
  artifactKey: Guid(fc1587570c6cad640a6de63974ea79e4) Importer(815301076,1909f56bfc062723c751e8b465ee728b)
Start importing Assets/Scenes/Ranking.unity using Guid(fc1587570c6cad640a6de63974ea79e4) Importer(815301076,1909f56bfc062723c751e8b465ee728b)  -> (artifact id: '407132345629da45f407c25ffdccda69') in 0.027061 seconds
  Import took 0.032520 seconds .

========================================================================
Received Prepare
Registering precompiled user dll's ...
Registered in 0.077351 seconds.
Begin MonoManager ReloadAssembly
Native extension for WindowsStandalone target not found
Refreshing native plugins compatible for Editor in 1.46 ms, found 3 plugins.
Preloading 0 native plugins for Editor in 0.00 ms.
Invoked RoslynAnalysisRunner static constructor.
RoslynAnalysisRunner will not be running.
RoslynAnalysisRunner has terminated.
Mono: successfully reloaded assembly
- Completed reload, in  3.747 seconds
Platform modules already initialized, skipping
Refreshing native plugins compatible for Editor in 2.26 ms, found 3 plugins.
Preloading 0 native plugins for Editor in 0.00 ms.
Unloading 1408 Unused Serialized files (Serialized files now loaded: 0)
System memory in use before: 72.6 MB.
System memory in use after: 72.7 MB.

Unloading 53 unused Assets to reduce memory usage. Loaded Objects now: 1912.
Total: 5.882500 ms (FindLiveObjects: 0.540200 ms CreateObjectMapping: 0.273000 ms MarkObjects: 4.961600 ms  DeleteObjects: 0.103900 ms)

========================================================================
Received Import Request.
  Time since last request: 29.875361 seconds.
  path: Assets/Scenes/Main.unity
  artifactKey: Guid(659d8de96ab25c04bbb756a97641169a) Importer(815301076,1909f56bfc062723c751e8b465ee728b)
Start importing Assets/Scenes/Main.unity using Guid(659d8de96ab25c04bbb756a97641169a) Importer(815301076,1909f56bfc062723c751e8b465ee728b)  -> (artifact id: '84e509642d612926df2ee22a3552fd0d') in 0.032725 seconds
  Import took 0.040080 seconds .

========================================================================
Received Import Request.
  Time since last request: 0.027748 seconds.
  path: Assets/Scenes/Main.unity
  artifactKey: Guid(659d8de96ab25c04bbb756a97641169a) Importer(815301076,1909f56bfc062723c751e8b465ee728b)
Start importing Assets/Scenes/Main.unity using Guid(659d8de96ab25c04bbb756a97641169a) Importer(815301076,1909f56bfc062723c751e8b465ee728b)  -> (artifact id: '84e509642d612926df2ee22a3552fd0d') in 0.013529 seconds
  Import took 0.019609 seconds .

========================================================================
Received Prepare
Registering precompiled user dll's ...
Registered in 0.055424 seconds.
Begin MonoManager ReloadAssembly
Native extension for WindowsStandalone target not found
Refreshing native plugins compatible for Editor in 0.91 ms, found 3 plugins.
Preloading 0 native plugins for Editor in 0.00 ms.
Invoked RoslynAnalysisRunner static constructor.
RoslynAnalysisRunner will not be running.
RoslynAnalysisRunner has terminated.
Mono: successfully reloaded assembly
- Completed reload, in  3.082 seconds
Platform modules already initialized, skipping
Refreshing native plugins compatible for Editor in 1.91 ms, found 3 plugins.
Preloading 0 native plugins for Editor in 0.00 ms.
Unloading 1408 Unused Serialized files (Serialized files now loaded: 0)
System memory in use before: 72.7 MB.
System memory in use after: 72.8 MB.

Unloading 53 unused Assets to reduce memory usage. Loaded Objects now: 1914.
Total: 9.771900 ms (FindLiveObjects: 0.407900 ms CreateObjectMapping: 0.147400 ms MarkObjects: 9.145100 ms  DeleteObjects: 0.068600 ms)

========================================================================
Received Prepare
Registering precompiled user dll's ...
Registered in 0.111502 seconds.
Begin MonoManager ReloadAssembly
Native extension for WindowsStandalone target not found
Refreshing native plugins compatible for Editor in 2.45 ms, found 3 plugins.
Preloading 0 native plugins for Editor in 0.00 ms.
Invoked RoslynAnalysisRunner static constructor.
RoslynAnalysisRunner will not be running.
RoslynAnalysisRunner has terminated.
Mono: successfully reloaded assembly
- Completed reload, in  3.687 seconds
Platform modules already initialized, skipping
Refreshing native plugins compatible for Editor in 2.71 ms, found 3 plugins.
Preloading 0 native plugins for Editor in 0.00 ms.
Unloading 1408 Unused Serialized files (Serialized files now loaded: 0)
System memory in use before: 72.8 MB.
System memory in use after: 72.9 MB.

Unloading 53 unused Assets to reduce memory usage. Loaded Objects now: 1916.
Total: 3.991700 ms (FindLiveObjects: 0.510300 ms CreateObjectMapping: 0.184100 ms MarkObjects: 3.211000 ms  DeleteObjects: 0.083800 ms)

========================================================================
Received Prepare
Registering precompiled user dll's ...
Registered in 0.050857 seconds.
Begin MonoManager ReloadAssembly
Native extension for WindowsStandalone target not found
Refreshing native plugins compatible for Editor in 1.50 ms, found 3 plugins.
Preloading 0 native plugins for Editor in 0.00 ms.
Invoked RoslynAnalysisRunner static constructor.
RoslynAnalysisRunner will not be running.
RoslynAnalysisRunner has terminated.
Mono: successfully reloaded assembly
- Completed reload, in  3.861 seconds
Platform modules already initialized, skipping
Refreshing native plugins compatible for Editor in 2.49 ms, found 3 plugins.
Preloading 0 native plugins for Editor in 0.00 ms.
Unloading 1408 Unused Serialized files (Serialized files now loaded: 0)
System memory in use before: 72.8 MB.
System memory in use after: 73.0 MB.

Unloading 53 unused Assets to reduce memory usage. Loaded Objects now: 1918.
Total: 5.007000 ms (FindLiveObjects: 0.434700 ms CreateObjectMapping: 0.228500 ms MarkObjects: 4.268900 ms  DeleteObjects: 0.071900 ms)

========================================================================
Received Prepare
Registering precompiled user dll's ...
Registered in 0.096919 seconds.
Begin MonoManager ReloadAssembly
Native extension for WindowsStandalone target not found
Refreshing native plugins compatible for Editor in 1.72 ms, found 3 plugins.
Preloading 0 native plugins for Editor in 0.00 ms.
Invoked RoslynAnalysisRunner static constructor.
RoslynAnalysisRunner will not be running.
RoslynAnalysisRunner has terminated.
Mono: successfully reloaded assembly
- Completed reload, in  5.767 seconds
Platform modules already initialized, skipping
Refreshing native plugins compatible for Editor in 2.61 ms, found 3 plugins.
Preloading 0 native plugins for Editor in 0.00 ms.
Unloading 1408 Unused Serialized files (Serialized files now loaded: 0)
System memory in use before: 72.9 MB.
System memory in use after: 73.0 MB.

Unloading 53 unused Assets to reduce memory usage. Loaded Objects now: 1920.
Total: 7.439600 ms (FindLiveObjects: 0.570200 ms CreateObjectMapping: 0.194800 ms MarkObjects: 6.543800 ms  DeleteObjects: 0.126300 ms)

========================================================================
Received Prepare
Registering precompiled user dll's ...
Registered in 0.067064 seconds.
Begin MonoManager ReloadAssembly
Native extension for WindowsStandalone target not found
Refreshing native plugins compatible for Editor in 1.77 ms, found 3 plugins.
Preloading 0 native plugins for Editor in 0.00 ms.
Invoked RoslynAnalysisRunner static constructor.
RoslynAnalysisRunner will not be running.
RoslynAnalysisRunner has terminated.
Mono: successfully reloaded assembly
- Completed reload, in  3.785 seconds
Platform modules already initialized, skipping
Refreshing native plugins compatible for Editor in 1.76 ms, found 3 plugins.
Preloading 0 native plugins for Editor in 0.00 ms.
Unloading 1408 Unused Serialized files (Serialized files now loaded: 0)
System memory in use before: 72.0 MB.
System memory in use after: 72.1 MB.

Unloading 53 unused Assets to reduce memory usage. Loaded Objects now: 1922.
Total: 5.122400 ms (FindLiveObjects: 1.477800 ms CreateObjectMapping: 0.446300 ms MarkObjects: 3.121600 ms  DeleteObjects: 0.072900 ms)

========================================================================
Received Prepare
Registering precompiled user dll's ...
Registered in 0.065652 seconds.
Begin MonoManager ReloadAssembly
Native extension for WindowsStandalone target not found
Refreshing native plugins compatible for Editor in 1.31 ms, found 3 plugins.
Preloading 0 native plugins for Editor in 0.00 ms.
Invoked RoslynAnalysisRunner static constructor.
RoslynAnalysisRunner will not be running.
RoslynAnalysisRunner has terminated.
Mono: successfully reloaded assembly
- Completed reload, in  3.552 seconds
Platform modules already initialized, skipping
Refreshing native plugins compatible for Editor in 2.95 ms, found 3 plugins.
Preloading 0 native plugins for Editor in 0.00 ms.
Unloading 1408 Unused Serialized files (Serialized files now loaded: 0)
System memory in use before: 72.1 MB.
System memory in use after: 72.2 MB.

Unloading 53 unused Assets to reduce memory usage. Loaded Objects now: 1924.
Total: 4.545200 ms (FindLiveObjects: 0.417500 ms CreateObjectMapping: 0.261400 ms MarkObjects: 3.812300 ms  DeleteObjects: 0.051100 ms)

========================================================================
Received Prepare
Registering precompiled user dll's ...
Registered in 0.067584 seconds.
Begin MonoManager ReloadAssembly
Native extension for WindowsStandalone target not found
Refreshing native plugins compatible for Editor in 1.13 ms, found 3 plugins.
Preloading 0 native plugins for Editor in 0.00 ms.
Invoked RoslynAnalysisRunner static constructor.
RoslynAnalysisRunner will not be running.
RoslynAnalysisRunner has terminated.
Mono: successfully reloaded assembly
- Completed reload, in  3.010 seconds
Platform modules already initialized, skipping
Refreshing native plugins compatible for Editor in 2.25 ms, found 3 plugins.
Preloading 0 native plugins for Editor in 0.00 ms.
Unloading 1408 Unused Serialized files (Serialized files now loaded: 0)
System memory in use before: 72.1 MB.
System memory in use after: 72.2 MB.

Unloading 53 unused Assets to reduce memory usage. Loaded Objects now: 1926.
Total: 5.002500 ms (FindLiveObjects: 0.532200 ms CreateObjectMapping: 0.188300 ms MarkObjects: 4.219300 ms  DeleteObjects: 0.059900 ms)

========================================================================
Received Prepare
Registering precompiled user dll's ...
Registered in 0.035753 seconds.
Begin MonoManager ReloadAssembly
Native extension for WindowsStandalone target not found
Refreshing native plugins compatible for Editor in 1.06 ms, found 3 plugins.
Preloading 0 native plugins for Editor in 0.00 ms.
Invoked RoslynAnalysisRunner static constructor.
RoslynAnalysisRunner will not be running.
RoslynAnalysisRunner has terminated.
Mono: successfully reloaded assembly
- Completed reload, in  1.590 seconds
Platform modules already initialized, skipping
Refreshing native plugins compatible for Editor in 1.65 ms, found 3 plugins.
Preloading 0 native plugins for Editor in 0.00 ms.
Unloading 1408 Unused Serialized files (Serialized files now loaded: 0)
System memory in use before: 72.2 MB.
System memory in use after: 72.3 MB.

Unloading 53 unused Assets to reduce memory usage. Loaded Objects now: 1928.
Total: 4.129600 ms (FindLiveObjects: 0.356100 ms CreateObjectMapping: 0.124500 ms MarkObjects: 3.574100 ms  DeleteObjects: 0.071600 ms)

========================================================================
Received Prepare
Registering precompiled user dll's ...
Registered in 0.146370 seconds.
Begin MonoManager ReloadAssembly
Native extension for WindowsStandalone target not found
Refreshing native plugins compatible for Editor in 1.77 ms, found 3 plugins.
Preloading 0 native plugins for Editor in 0.00 ms.
Invoked RoslynAnalysisRunner static constructor.
RoslynAnalysisRunner will not be running.
RoslynAnalysisRunner has terminated.
Mono: successfully reloaded assembly
- Completed reload, in  4.286 seconds
Platform modules already initialized, skipping
Refreshing native plugins compatible for Editor in 1.94 ms, found 3 plugins.
Preloading 0 native plugins for Editor in 0.00 ms.
Unloading 1408 Unused Serialized files (Serialized files now loaded: 0)
System memory in use before: 72.3 MB.
System memory in use after: 72.4 MB.

Unloading 53 unused Assets to reduce memory usage. Loaded Objects now: 1930.
Total: 5.294700 ms (FindLiveObjects: 0.286900 ms CreateObjectMapping: 0.096800 ms MarkObjects: 4.074500 ms  DeleteObjects: 0.834300 ms)

========================================================================
Received Prepare
Registering precompiled user dll's ...
Registered in 0.107379 seconds.
Begin MonoManager ReloadAssembly
Native extension for WindowsStandalone target not found
Refreshing native plugins compatible for Editor in 2.29 ms, found 3 plugins.
Preloading 0 native plugins for Editor in 0.00 ms.
Invoked RoslynAnalysisRunner static constructor.
RoslynAnalysisRunner will not be running.
RoslynAnalysisRunner has terminated.
Mono: successfully reloaded assembly
- Completed reload, in  7.436 seconds
Platform modules already initialized, skipping
Refreshing native plugins compatible for Editor in 2.71 ms, found 3 plugins.
Preloading 0 native plugins for Editor in 0.00 ms.
Unloading 1408 Unused Serialized files (Serialized files now loaded: 0)
System memory in use before: 72.4 MB.
System memory in use after: 72.5 MB.

Unloading 53 unused Assets to reduce memory usage. Loaded Objects now: 1932.
Total: 27.459100 ms (FindLiveObjects: 0.558100 ms CreateObjectMapping: 0.878100 ms MarkObjects: 25.899000 ms  DeleteObjects: 0.118000 ms)

AssetImportWorkerClient::OnTransportError - code=2 error=End of file
